Flow report for SDRAM0_CTRL
Mon May 23 12:18:26 2011
Quartus II Version 10.0 Build 262 08/18/2010 Service Pack 1 SJ Web Edition


---------------------
; Table of Contents ;
---------------------
  1. Legal Notice
  2. Flow Summary
  3. Flow Settings
  4. Flow Non-Default Global Settings
  5. Flow Elapsed Time
  6. Flow OS Summary
  7. Flow Log



----------------
; Legal Notice ;
----------------
Copyright (C) 1991-2010 Altera Corporation
Your use of Altera Corporation's design tools, logic functions 
and other software and tools, and its AMPP partner logic 
functions, and any output files from any of the foregoing 
(including device programming or simulation files), and any 
associated documentation or information are expressly subject 
to the terms and conditions of the Altera Program License 
Subscription Agreement, Altera MegaCore Function License 
Agreement, or other applicable license agreement, including, 
without limitation, that your use is for the sole purpose of 
programming logic devices manufactured by Altera and sold by 
Altera or its authorized distributors.  Please refer to the 
applicable agreement for further details.



+------------------------------------------------------------------------------------+
; Flow Summary                                                                       ;
+------------------------------------+-----------------------------------------------+
; Flow Status                        ; Successful - Mon May 23 12:18:26 2011         ;
; Quartus II Version                 ; 10.0 Build 262 08/18/2010 SP 1 SJ Web Edition ;
; Revision Name                      ; SDRAM0_CTRL                                   ;
; Top-level Entity Name              ; sdram0_ctrl                                   ;
; Family                             ; Cyclone II                                    ;
; Device                             ; EP2C70F896C6                                  ;
; Timing Models                      ; Final                                         ;
; Met timing requirements            ; Yes                                           ;
; Total logic elements               ; 219 / 68,416 ( < 1 % )                        ;
;     Total combinational functions  ; 194 / 68,416 ( < 1 % )                        ;
;     Dedicated logic registers      ; 95 / 68,416 ( < 1 % )                         ;
; Total registers                    ; 95                                            ;
; Total pins                         ; 103 / 622 ( 17 % )                            ;
; Total virtual pins                 ; 0                                             ;
; Total memory bits                  ; 0 / 1,152,000 ( 0 % )                         ;
; Embedded Multiplier 9-bit elements ; 0 / 300 ( 0 % )                               ;
; Total PLLs                         ; 1 / 4 ( 25 % )                                ;
+------------------------------------+-----------------------------------------------+


+-----------------------------------------+
; Flow Settings                           ;
+-------------------+---------------------+
; Option            ; Setting             ;
+-------------------+---------------------+
; Start date & time ; 05/23/2011 12:17:35 ;
; Main task         ; Compilation         ;
; Revision Name     ; SDRAM0_CTRL         ;
+-------------------+---------------------+


+-------------------------------------------------------------------------------------------------------------------------+
; Flow Non-Default Global Settings                                                                                        ;
+-------------------------------------+---------------------------------------+---------------+-------------+-------------+
; Assignment Name                     ; Value                                 ; Default Value ; Entity Name ; Section Id  ;
+-------------------------------------+---------------------------------------+---------------+-------------+-------------+
; COMPILER_SIGNATURE_ID               ; 99620097091.130614585202464           ; --            ; --          ; --          ;
; MAX_CORE_JUNCTION_TEMP              ; 85                                    ; --            ; --          ; --          ;
; MIN_CORE_JUNCTION_TEMP              ; 0                                     ; --            ; --          ; --          ;
; OUTPUT_PIN_LOAD                     ; 1                                     ; --            ; --          ; 3.3-V LVTTL ;
; OUTPUT_PIN_LOAD                     ; 10                                    ; --            ; --          ; 3.3-V PCI   ;
; OUTPUT_PIN_LOAD                     ; 10                                    ; --            ; --          ; 3.3-V PCI-X ;
; PARTITION_COLOR                     ; 16764057                              ; --            ; --          ; Top         ;
; PARTITION_FITTER_PRESERVATION_LEVEL ; PLACEMENT_AND_ROUTING                 ; --            ; --          ; Top         ;
; PARTITION_NETLIST_TYPE              ; SOURCE                                ; --            ; --          ; Top         ;
; POWER_BOARD_THERMAL_MODEL           ; None (CONSERVATIVE)                   ; --            ; --          ; --          ;
; POWER_PRESET_COOLING_SOLUTION       ; 23 MM HEAT SINK WITH 200 LFPM AIRFLOW ; --            ; --          ; --          ;
+-------------------------------------+---------------------------------------+---------------+-------------+-------------+


+-----------------------------------------------------------------------------------------------------------------------------+
; Flow Elapsed Time                                                                                                           ;
+-------------------------+--------------+-------------------------+---------------------+------------------------------------+
; Module Name             ; Elapsed Time ; Average Processors Used ; Peak Virtual Memory ; Total CPU Time (on all processors) ;
+-------------------------+--------------+-------------------------+---------------------+------------------------------------+
; Analysis & Synthesis    ; 00:00:10     ; 1.0                     ; 235 MB              ; 00:00:05                           ;
; Fitter                  ; 00:00:25     ; 1.0                     ; 352 MB              ; 00:00:22                           ;
; Assembler               ; 00:00:09     ; 1.0                     ; 325 MB              ; 00:00:08                           ;
; Classic Timing Analyzer ; 00:00:01     ; 1.0                     ; 159 MB              ; 00:00:00                           ;
; Total                   ; 00:00:45     ; --                      ; --                  ; 00:00:35                           ;
+-------------------------+--------------+-------------------------+---------------------+------------------------------------+


+---------------------------------------------------------------------------------------+
; Flow OS Summary                                                                       ;
+-------------------------+------------------+------------+------------+----------------+
; Module Name             ; Machine Hostname ; OS Name    ; OS Version ; Processor type ;
+-------------------------+------------------+------------+------------+----------------+
; Analysis & Synthesis    ; dannypc          ; Windows XP ; 5.1        ; i686           ;
; Fitter                  ; dannypc          ; Windows XP ; 5.1        ; i686           ;
; Assembler               ; dannypc          ; Windows XP ; 5.1        ; i686           ;
; Classic Timing Analyzer ; dannypc          ; Windows XP ; 5.1        ; i686           ;
+-------------------------+------------------+------------+------------+----------------+


------------
; Flow Log ;
------------
quartus_map --read_settings_files=on --write_settings_files=off SDRAM0_CTRL -c SDRAM0_CTRL
quartus_fit --read_settings_files=off --write_settings_files=off SDRAM0_CTRL -c SDRAM0_CTRL
quartus_asm --read_settings_files=off --write_settings_files=off SDRAM0_CTRL -c SDRAM0_CTRL
quartus_tan --read_settings_files=off --write_settings_files=off SDRAM0_CTRL -c SDRAM0_CTRL --timing_analysis_only



