Analysis & Synthesis report for sdram0_ctrl
Mon Jan 24 13:30:23 2011
Quartus II Version 10.0 Build 262 08/18/2010 Service Pack 1 SJ Web Edition


---------------------
; Table of Contents ;
---------------------
  1. Legal Notice
  2. Analysis & Synthesis Summary
  3. Analysis & Synthesis Settings
  4. Analysis & Synthesis Source Files Read
  5. Analysis & Synthesis Resource Usage Summary
  6. Analysis & Synthesis Resource Utilization by Entity
  7. Analysis & Synthesis IP Cores Summary
  8. State Machine - |sdram0_ctrl|sig_aktZustand
  9. Registers Removed During Synthesis
 10. General Register Statistics
 11. Multiplexer Restructuring Statistics (Restructuring Performed)
 12. Parameter Settings for User Entity Instance: Top-level Entity: |sdram0_ctrl
 13. Parameter Settings for User Entity Instance: pll1:pll|altpll:altpll_component
 14. altpll Parameter Settings by Entity Instance
 15. Analysis & Synthesis Messages



----------------
; Legal Notice ;
----------------
Copyright (C) 1991-2010 Altera Corporation
Your use of Altera Corporation's design tools, logic functions 
and other software and tools, and its AMPP partner logic 
functions, and any output files from any of the foregoing 
(including device programming or simulation files), and any 
associated documentation or information are expressly subject 
to the terms and conditions of the Altera Program License 
Subscription Agreement, Altera MegaCore Function License 
Agreement, or other applicable license agreement, including, 
without limitation, that your use is for the sole purpose of 
programming logic devices manufactured by Altera and sold by 
Altera or its authorized distributors.  Please refer to the 
applicable agreement for further details.



+------------------------------------------------------------------------------------+
; Analysis & Synthesis Summary                                                       ;
+------------------------------------+-----------------------------------------------+
; Analysis & Synthesis Status        ; Successful - Mon Jan 24 13:30:22 2011         ;
; Quartus II Version                 ; 10.0 Build 262 08/18/2010 SP 1 SJ Web Edition ;
; Revision Name                      ; sdram0_ctrl                                   ;
; Top-level Entity Name              ; sdram0_ctrl                                   ;
; Family                             ; Cyclone II                                    ;
; Total logic elements               ; 105                                           ;
;     Total combinational functions  ; 103                                           ;
;     Dedicated logic registers      ; 50                                            ;
; Total registers                    ; 50                                            ;
; Total pins                         ; 150                                           ;
; Total virtual pins                 ; 0                                             ;
; Total memory bits                  ; 0                                             ;
; Embedded Multiplier 9-bit elements ; 0                                             ;
; Total PLLs                         ; 1                                             ;
+------------------------------------+-----------------------------------------------+


+----------------------------------------------------------------------------------------------------------------------+
; Analysis & Synthesis Settings                                                                                        ;
+----------------------------------------------------------------------------+--------------------+--------------------+
; Option                                                                     ; Setting            ; Default Value      ;
+----------------------------------------------------------------------------+--------------------+--------------------+
; Device                                                                     ; EP2C70F896C6       ;                    ;
; Top-level entity name                                                      ; sdram0_ctrl        ; sdram0_ctrl        ;
; Family name                                                                ; Cyclone II         ; Stratix II         ;
; Use smart compilation                                                      ; Off                ; Off                ;
; Enable parallel Assembler and TimeQuest Timing Analyzer during compilation ; On                 ; On                 ;
; Enable compact report table                                                ; Off                ; Off                ;
; Restructure Multiplexers                                                   ; Auto               ; Auto               ;
; Create Debugging Nodes for IP Cores                                        ; Off                ; Off                ;
; Preserve fewer node names                                                  ; On                 ; On                 ;
; Disable OpenCore Plus hardware evaluation                                  ; Off                ; Off                ;
; Verilog Version                                                            ; Verilog_2001       ; Verilog_2001       ;
; VHDL Version                                                               ; VHDL_1993          ; VHDL_1993          ;
; State Machine Processing                                                   ; Auto               ; Auto               ;
; Safe State Machine                                                         ; Off                ; Off                ;
; Extract Verilog State Machines                                             ; On                 ; On                 ;
; Extract VHDL State Machines                                                ; On                 ; On                 ;
; Ignore Verilog initial constructs                                          ; Off                ; Off                ;
; Iteration limit for constant Verilog loops                                 ; 5000               ; 5000               ;
; Iteration limit for non-constant Verilog loops                             ; 250                ; 250                ;
; Add Pass-Through Logic to Inferred RAMs                                    ; On                 ; On                 ;
; Parallel Synthesis                                                         ; On                 ; On                 ;
; DSP Block Balancing                                                        ; Auto               ; Auto               ;
; NOT Gate Push-Back                                                         ; On                 ; On                 ;
; Power-Up Don't Care                                                        ; On                 ; On                 ;
; Remove Redundant Logic Cells                                               ; Off                ; Off                ;
; Remove Duplicate Registers                                                 ; On                 ; On                 ;
; Ignore CARRY Buffers                                                       ; Off                ; Off                ;
; Ignore CASCADE Buffers                                                     ; Off                ; Off                ;
; Ignore GLOBAL Buffers                                                      ; Off                ; Off                ;
; Ignore ROW GLOBAL Buffers                                                  ; Off                ; Off                ;
; Ignore LCELL Buffers                                                       ; Off                ; Off                ;
; Ignore SOFT Buffers                                                        ; On                 ; On                 ;
; Limit AHDL Integers to 32 Bits                                             ; Off                ; Off                ;
; Optimization Technique                                                     ; Balanced           ; Balanced           ;
; Carry Chain Length                                                         ; 70                 ; 70                 ;
; Auto Carry Chains                                                          ; On                 ; On                 ;
; Auto Open-Drain Pins                                                       ; On                 ; On                 ;
; Perform WYSIWYG Primitive Resynthesis                                      ; Off                ; Off                ;
; Auto ROM Replacement                                                       ; On                 ; On                 ;
; Auto RAM Replacement                                                       ; On                 ; On                 ;
; Auto Shift Register Replacement                                            ; Auto               ; Auto               ;
; Auto Clock Enable Replacement                                              ; On                 ; On                 ;
; Strict RAM Replacement                                                     ; Off                ; Off                ;
; Allow Synchronous Control Signals                                          ; On                 ; On                 ;
; Force Use of Synchronous Clear Signals                                     ; Off                ; Off                ;
; Auto RAM to Logic Cell Conversion                                          ; Off                ; Off                ;
; Auto Resource Sharing                                                      ; Off                ; Off                ;
; Allow Any RAM Size For Recognition                                         ; Off                ; Off                ;
; Allow Any ROM Size For Recognition                                         ; Off                ; Off                ;
; Allow Any Shift Register Size For Recognition                              ; Off                ; Off                ;
; Use LogicLock Constraints during Resource Balancing                        ; On                 ; On                 ;
; Ignore translate_off and synthesis_off directives                          ; Off                ; Off                ;
; Timing-Driven Synthesis                                                    ; Off                ; Off                ;
; Report Parameter Settings                                                  ; On                 ; On                 ;
; Report Source Assignments                                                  ; On                 ; On                 ;
; Report Connectivity Checks                                                 ; On                 ; On                 ;
; Ignore Maximum Fan-Out Assignments                                         ; Off                ; Off                ;
; Synchronization Register Chain Length                                      ; 2                  ; 2                  ;
; PowerPlay Power Optimization                                               ; Normal compilation ; Normal compilation ;
; HDL message level                                                          ; Level2             ; Level2             ;
; Suppress Register Optimization Related Messages                            ; Off                ; Off                ;
; Number of Removed Registers Reported in Synthesis Report                   ; 5000               ; 5000               ;
; Number of Inverted Registers Reported in Synthesis Report                  ; 100                ; 100                ;
; Clock MUX Protection                                                       ; On                 ; On                 ;
; Auto Gated Clock Conversion                                                ; Off                ; Off                ;
; Block Design Naming                                                        ; Auto               ; Auto               ;
; SDC constraint protection                                                  ; Off                ; Off                ;
; Synthesis Effort                                                           ; Auto               ; Auto               ;
; Shift Register Replacement - Allow Asynchronous Clear Signal               ; On                 ; On                 ;
; Analysis & Synthesis Message Level                                         ; Medium             ; Medium             ;
; Disable Register Merging Across Hierarchies                                ; Auto               ; Auto               ;
; Resource Aware Inference For Block RAM                                     ; On                 ; On                 ;
; Synthesis Seed                                                             ; 1                  ; 1                  ;
+----------------------------------------------------------------------------+--------------------+--------------------+


+--------------------------------------------------------------------------------------------------------------------------------------------------------------------------------------------------------------+
; Analysis & Synthesis Source Files Read                                                                                                                                                                       ;
+----------------------------------+-----------------+-----------------------------+---------------------------------------------------------------------------------------------------------------------------+
; File Name with User-Entered Path ; Used in Netlist ; File Type                   ; File Name with Absolute Path                                                                                              ;
+----------------------------------+-----------------+-----------------------------+---------------------------------------------------------------------------------------------------------------------------+
; sdram0_ctrl.vhd                  ; yes             ; User VHDL File              ; C:/Users/SAAD/Documents/Semester_6/Projekt_ALTERA_DE2-70/Projekt_DE2-70_SDRAM/Quellcode/Branch/SDRAM0_NEU/sdram0_ctrl.vhd ;
; pll1.vhd                         ; yes             ; User Wizard-Generated File  ; C:/Users/SAAD/Documents/Semester_6/Projekt_ALTERA_DE2-70/Projekt_DE2-70_SDRAM/Quellcode/Branch/SDRAM0_NEU/pll1.vhd        ;
; altpll.tdf                       ; yes             ; Megafunction                ; c:/altera/10.0/quartus/libraries/megafunctions/altpll.tdf                                                                 ;
+----------------------------------+-----------------+-----------------------------+---------------------------------------------------------------------------------------------------------------------------+


+--------------------------------------------------------------------------------------+
; Analysis & Synthesis Resource Usage Summary                                          ;
+---------------------------------------------+----------------------------------------+
; Resource                                    ; Usage                                  ;
+---------------------------------------------+----------------------------------------+
; Estimated Total logic elements              ; 105                                    ;
;                                             ;                                        ;
; Total combinational functions               ; 103                                    ;
; Logic element usage by number of LUT inputs ;                                        ;
;     -- 4 input functions                    ; 67                                     ;
;     -- 3 input functions                    ; 26                                     ;
;     -- <=2 input functions                  ; 10                                     ;
;                                             ;                                        ;
; Logic elements by mode                      ;                                        ;
;     -- normal mode                          ; 103                                    ;
;     -- arithmetic mode                      ; 0                                      ;
;                                             ;                                        ;
; Total registers                             ; 50                                     ;
;     -- Dedicated logic registers            ; 50                                     ;
;     -- I/O registers                        ; 0                                      ;
;                                             ;                                        ;
; I/O pins                                    ; 150                                    ;
; Total PLLs                                  ; 1                                      ;
;     -- PLLs                                 ; 1                                      ;
;                                             ;                                        ;
; Maximum fan-out node                        ; pll1:pll|altpll:altpll_component|_clk0 ;
; Maximum fan-out                             ; 51                                     ;
; Total fan-out                               ; 519                                    ;
; Average fan-out                             ; 1.71                                   ;
+---------------------------------------------+----------------------------------------+


+-------------------------------------------------------------------------------------------------------------------------------------------------------------------------------------------------------------------------+
; Analysis & Synthesis Resource Utilization by Entity                                                                                                                                                                     ;
+---------------------------------+-------------------+--------------+-------------+------------+--------------+---------+-----------+------+--------------+-----------------------------------------------+--------------+
; Compilation Hierarchy Node      ; LC Combinationals ; LC Registers ; Memory Bits ; DSP Blocks ; DSP Elements ; DSP 9x9 ; DSP 18x18 ; Pins ; Virtual Pins ; Full Hierarchy Name                           ; Library Name ;
+---------------------------------+-------------------+--------------+-------------+------------+--------------+---------+-----------+------+--------------+-----------------------------------------------+--------------+
; |sdram0_ctrl                    ; 103 (103)         ; 50 (50)      ; 0           ; 0          ; 0            ; 0       ; 0         ; 150  ; 0            ; |sdram0_ctrl                                  ;              ;
;    |pll1:pll|                   ; 0 (0)             ; 0 (0)        ; 0           ; 0          ; 0            ; 0       ; 0         ; 0    ; 0            ; |sdram0_ctrl|pll1:pll                         ;              ;
;       |altpll:altpll_component| ; 0 (0)             ; 0 (0)        ; 0           ; 0          ; 0            ; 0       ; 0         ; 0    ; 0            ; |sdram0_ctrl|pll1:pll|altpll:altpll_component ;              ;
+---------------------------------+-------------------+--------------+-------------+------------+--------------+---------+-----------+------+--------------+-----------------------------------------------+--------------+
Note: For table entries with two numbers listed, the numbers in parentheses indicate the number of resources of the given type used by the specific entity alone. The numbers listed outside of parentheses indicate the total resources of the given type used by the specific entity and all of its sub-entities in the hierarchy.


+------------------------------------------------------------------------------------------------------------------------------------------------------------------------------------------------------------+
; Analysis & Synthesis IP Cores Summary                                                                                                                                                                      ;
+--------+--------------+---------+--------------+--------------+-----------------------+--------------------------------------------------------------------------------------------------------------------+
; Vendor ; IP Core Name ; Version ; Release Date ; License Type ; Entity Instance       ; IP Include File                                                                                                    ;
+--------+--------------+---------+--------------+--------------+-----------------------+--------------------------------------------------------------------------------------------------------------------+
; Altera ; ALTPLL       ; N/A     ; N/A          ; N/A          ; |sdram0_ctrl|pll1:pll ; C:/Users/SAAD/Documents/Semester_6/Projekt_ALTERA_DE2-70/Projekt_DE2-70_SDRAM/Quellcode/Branch/SDRAM0_NEU/pll1.vhd ;
+--------+--------------+---------+--------------+--------------+-----------------------+--------------------------------------------------------------------------------------------------------------------+


Encoding Type:  One-Hot
+--------------------------------------------------------------------------------------------------------------------------------------------------------------------------------------------------------------+
; State Machine - |sdram0_ctrl|sig_aktZustand                                                                                                                                                                  ;
+------------------------------+-----------------------------+------------------------------+--------------------------+----------------------+---------------------+---------------------+--------------------+
; Name                         ; sig_aktZustand.AUTO_REFRESH ; sig_aktZustand.ZURUECKSETZEN ; sig_aktZustand.SCHREIBEN ; sig_aktZustand.LESEN ; sig_aktZustand.INIT ; sig_aktZustand.IDLE ; sig_aktZustand.OFF ;
+------------------------------+-----------------------------+------------------------------+--------------------------+----------------------+---------------------+---------------------+--------------------+
; sig_aktZustand.OFF           ; 0                           ; 0                            ; 0                        ; 0                    ; 0                   ; 0                   ; 0                  ;
; sig_aktZustand.IDLE          ; 0                           ; 0                            ; 0                        ; 0                    ; 0                   ; 1                   ; 1                  ;
; sig_aktZustand.INIT          ; 0                           ; 0                            ; 0                        ; 0                    ; 1                   ; 0                   ; 1                  ;
; sig_aktZustand.LESEN         ; 0                           ; 0                            ; 0                        ; 1                    ; 0                   ; 0                   ; 1                  ;
; sig_aktZustand.SCHREIBEN     ; 0                           ; 0                            ; 1                        ; 0                    ; 0                   ; 0                   ; 1                  ;
; sig_aktZustand.ZURUECKSETZEN ; 0                           ; 1                            ; 0                        ; 0                    ; 0                   ; 0                   ; 1                  ;
; sig_aktZustand.AUTO_REFRESH  ; 1                           ; 0                            ; 0                        ; 0                    ; 0                   ; 0                   ; 1                  ;
+------------------------------+-----------------------------+------------------------------+--------------------------+----------------------+---------------------+---------------------+--------------------+


+---------------------------------------------------------------------------------+
; Registers Removed During Synthesis                                              ;
+----------------------------------------+----------------------------------------+
; Register name                          ; Reason for Removal                     ;
+----------------------------------------+----------------------------------------+
; sig_addr[0,2..4,9,11..12]              ; Merged with sig_addr[1]                ;
; sig_command[5]                         ; Merged with sig_addr[1]                ;
; sig_addr[6..8]                         ; Merged with sig_addr[1]                ;
; sig_command[1]                         ; Merged with sig_command[0]             ;
; sig_addr[1]                            ; Stuck at GND due to stuck port data_in ;
; sig_aktZustand.AUTO_REFRESH            ; Lost fanout                            ;
; Total Number of Removed Registers = 14 ;                                        ;
+----------------------------------------+----------------------------------------+


+------------------------------------------------------+
; General Register Statistics                          ;
+----------------------------------------------+-------+
; Statistic                                    ; Value ;
+----------------------------------------------+-------+
; Total registers                              ; 50    ;
; Number of registers using Synchronous Clear  ; 12    ;
; Number of registers using Synchronous Load   ; 10    ;
; Number of registers using Asynchronous Clear ; 0     ;
; Number of registers using Asynchronous Load  ; 0     ;
; Number of registers using Clock Enable       ; 12    ;
; Number of registers using Preset             ; 0     ;
+----------------------------------------------+-------+


+-------------------------------------------------------------------------------------------------------------------------------------------+
; Multiplexer Restructuring Statistics (Restructuring Performed)                                                                            ;
+--------------------+-----------+---------------+----------------------+------------------------+------------+-----------------------------+
; Multiplexer Inputs ; Bus Width ; Baseline Area ; Area if Restructured ; Saving if Restructured ; Registered ; Example Multiplexer Output  ;
+--------------------+-----------+---------------+----------------------+------------------------+------------+-----------------------------+
; 4:1                ; 3 bits    ; 6 LEs         ; 6 LEs                ; 0 LEs                  ; Yes        ; |sdram0_ctrl|sig_doInit     ;
; 7:1                ; 2 bits    ; 8 LEs         ; 4 LEs                ; 4 LEs                  ; Yes        ; |sdram0_ctrl|sig_command[4] ;
; 7:1                ; 2 bits    ; 8 LEs         ; 8 LEs                ; 0 LEs                  ; Yes        ; |sdram0_ctrl|sig_doRead     ;
; 15:1               ; 2 bits    ; 20 LEs        ; 6 LEs                ; 14 LEs                 ; Yes        ; |sdram0_ctrl|sig_command[2] ;
; 8:1                ; 7 bits    ; 35 LEs        ; 35 LEs               ; 0 LEs                  ; No         ; |sdram0_ctrl|sig_aktZustand ;
+--------------------+-----------+---------------+----------------------+------------------------+------------+-----------------------------+


+-----------------------------------------------------------------------------+
; Parameter Settings for User Entity Instance: Top-level Entity: |sdram0_ctrl ;
+----------------+-------+----------------------------------------------------+
; Parameter Name ; Value ; Type                                               ;
+----------------+-------+----------------------------------------------------+
; ASIZE          ; 24    ; Signed Integer                                     ;
; DQSIZE         ; 32    ; Signed Integer                                     ;
; ROWSIZE        ; 13    ; Signed Integer                                     ;
; COLSIZE        ; 9     ; Signed Integer                                     ;
; BANKSIZE       ; 2     ; Signed Integer                                     ;
; ROWSTART       ; 9     ; Signed Integer                                     ;
; COLSTART       ; 0     ; Signed Integer                                     ;
; BANKSTART      ; 22    ; Signed Integer                                     ;
+----------------+-------+----------------------------------------------------+
Note: In order to hide this table in the UI and the text report file, please set the "Show Parameter Settings in Synthesis Report" option in "Analysis and Synthesis Settings -> More Settings" to "Off".


+-------------------------------------------------------------------------------+
; Parameter Settings for User Entity Instance: pll1:pll|altpll:altpll_component ;
+-------------------------------+-------------------+---------------------------+
; Parameter Name                ; Value             ; Type                      ;
+-------------------------------+-------------------+---------------------------+
; OPERATION_MODE                ; NORMAL            ; Untyped                   ;
; PLL_TYPE                      ; AUTO              ; Untyped                   ;
; QUALIFY_CONF_DONE             ; OFF               ; Untyped                   ;
; COMPENSATE_CLOCK              ; CLK0              ; Untyped                   ;
; SCAN_CHAIN                    ; LONG              ; Untyped                   ;
; PRIMARY_CLOCK                 ; INCLK0            ; Untyped                   ;
; INCLK0_INPUT_FREQUENCY        ; 20000             ; Signed Integer            ;
; INCLK1_INPUT_FREQUENCY        ; 0                 ; Untyped                   ;
; GATE_LOCK_SIGNAL              ; NO                ; Untyped                   ;
; GATE_LOCK_COUNTER             ; 0                 ; Untyped                   ;
; LOCK_HIGH                     ; 1                 ; Untyped                   ;
; LOCK_LOW                      ; 1                 ; Untyped                   ;
; VALID_LOCK_MULTIPLIER         ; 1                 ; Untyped                   ;
; INVALID_LOCK_MULTIPLIER       ; 5                 ; Untyped                   ;
; SWITCH_OVER_ON_LOSSCLK        ; OFF               ; Untyped                   ;
; SWITCH_OVER_ON_GATED_LOCK     ; OFF               ; Untyped                   ;
; ENABLE_SWITCH_OVER_COUNTER    ; OFF               ; Untyped                   ;
; SKIP_VCO                      ; OFF               ; Untyped                   ;
; SWITCH_OVER_COUNTER           ; 0                 ; Untyped                   ;
; SWITCH_OVER_TYPE              ; AUTO              ; Untyped                   ;
; FEEDBACK_SOURCE               ; EXTCLK0           ; Untyped                   ;
; BANDWIDTH                     ; 0                 ; Untyped                   ;
; BANDWIDTH_TYPE                ; AUTO              ; Untyped                   ;
; SPREAD_FREQUENCY              ; 0                 ; Untyped                   ;
; DOWN_SPREAD                   ; 0                 ; Untyped                   ;
; SELF_RESET_ON_GATED_LOSS_LOCK ; OFF               ; Untyped                   ;
; SELF_RESET_ON_LOSS_LOCK       ; OFF               ; Untyped                   ;
; CLK9_MULTIPLY_BY              ; 0                 ; Untyped                   ;
; CLK8_MULTIPLY_BY              ; 0                 ; Untyped                   ;
; CLK7_MULTIPLY_BY              ; 0                 ; Untyped                   ;
; CLK6_MULTIPLY_BY              ; 0                 ; Untyped                   ;
; CLK5_MULTIPLY_BY              ; 1                 ; Untyped                   ;
; CLK4_MULTIPLY_BY              ; 1                 ; Untyped                   ;
; CLK3_MULTIPLY_BY              ; 1                 ; Untyped                   ;
; CLK2_MULTIPLY_BY              ; 1                 ; Untyped                   ;
; CLK1_MULTIPLY_BY              ; 1                 ; Untyped                   ;
; CLK0_MULTIPLY_BY              ; 2                 ; Signed Integer            ;
; CLK9_DIVIDE_BY                ; 0                 ; Untyped                   ;
; CLK8_DIVIDE_BY                ; 0                 ; Untyped                   ;
; CLK7_DIVIDE_BY                ; 0                 ; Untyped                   ;
; CLK6_DIVIDE_BY                ; 0                 ; Untyped                   ;
; CLK5_DIVIDE_BY                ; 1                 ; Untyped                   ;
; CLK4_DIVIDE_BY                ; 1                 ; Untyped                   ;
; CLK3_DIVIDE_BY                ; 1                 ; Untyped                   ;
; CLK2_DIVIDE_BY                ; 1                 ; Untyped                   ;
; CLK1_DIVIDE_BY                ; 1                 ; Untyped                   ;
; CLK0_DIVIDE_BY                ; 1                 ; Signed Integer            ;
; CLK9_PHASE_SHIFT              ; 0                 ; Untyped                   ;
; CLK8_PHASE_SHIFT              ; 0                 ; Untyped                   ;
; CLK7_PHASE_SHIFT              ; 0                 ; Untyped                   ;
; CLK6_PHASE_SHIFT              ; 0                 ; Untyped                   ;
; CLK5_PHASE_SHIFT              ; 0                 ; Untyped                   ;
; CLK4_PHASE_SHIFT              ; 0                 ; Untyped                   ;
; CLK3_PHASE_SHIFT              ; 0                 ; Untyped                   ;
; CLK2_PHASE_SHIFT              ; 0                 ; Untyped                   ;
; CLK1_PHASE_SHIFT              ; 0                 ; Untyped                   ;
; CLK0_PHASE_SHIFT              ; 0                 ; Untyped                   ;
; CLK5_TIME_DELAY               ; 0                 ; Untyped                   ;
; CLK4_TIME_DELAY               ; 0                 ; Untyped                   ;
; CLK3_TIME_DELAY               ; 0                 ; Untyped                   ;
; CLK2_TIME_DELAY               ; 0                 ; Untyped                   ;
; CLK1_TIME_DELAY               ; 0                 ; Untyped                   ;
; CLK0_TIME_DELAY               ; 0                 ; Untyped                   ;
; CLK9_DUTY_CYCLE               ; 50                ; Untyped                   ;
; CLK8_DUTY_CYCLE               ; 50                ; Untyped                   ;
; CLK7_DUTY_CYCLE               ; 50                ; Untyped                   ;
; CLK6_DUTY_CYCLE               ; 50                ; Untyped                   ;
; CLK5_DUTY_CYCLE               ; 50                ; Untyped                   ;
; CLK4_DUTY_CYCLE               ; 50                ; Untyped                   ;
; CLK3_DUTY_CYCLE               ; 50                ; Untyped                   ;
; CLK2_DUTY_CYCLE               ; 50                ; Untyped                   ;
; CLK1_DUTY_CYCLE               ; 50                ; Untyped                   ;
; CLK0_DUTY_CYCLE               ; 50                ; Signed Integer            ;
; CLK9_USE_EVEN_COUNTER_MODE    ; OFF               ; Untyped                   ;
; CLK8_USE_EVEN_COUNTER_MODE    ; OFF               ; Untyped                   ;
; CLK7_USE_EVEN_COUNTER_MODE    ; OFF               ; Untyped                   ;
; CLK6_USE_EVEN_COUNTER_MODE    ; OFF               ; Untyped                   ;
; CLK5_USE_EVEN_COUNTER_MODE    ; OFF               ; Untyped                   ;
; CLK4_USE_EVEN_COUNTER_MODE    ; OFF               ; Untyped                   ;
; CLK3_USE_EVEN_COUNTER_MODE    ; OFF               ; Untyped                   ;
; CLK2_USE_EVEN_COUNTER_MODE    ; OFF               ; Untyped                   ;
; CLK1_USE_EVEN_COUNTER_MODE    ; OFF               ; Untyped                   ;
; CLK0_USE_EVEN_COUNTER_MODE    ; OFF               ; Untyped                   ;
; CLK9_USE_EVEN_COUNTER_VALUE   ; OFF               ; Untyped                   ;
; CLK8_USE_EVEN_COUNTER_VALUE   ; OFF               ; Untyped                   ;
; CLK7_USE_EVEN_COUNTER_VALUE   ; OFF               ; Untyped                   ;
; CLK6_USE_EVEN_COUNTER_VALUE   ; OFF               ; Untyped                   ;
; CLK5_USE_EVEN_COUNTER_VALUE   ; OFF               ; Untyped                   ;
; CLK4_USE_EVEN_COUNTER_VALUE   ; OFF               ; Untyped                   ;
; CLK3_USE_EVEN_COUNTER_VALUE   ; OFF               ; Untyped                   ;
; CLK2_USE_EVEN_COUNTER_VALUE   ; OFF               ; Untyped                   ;
; CLK1_USE_EVEN_COUNTER_VALUE   ; OFF               ; Untyped                   ;
; CLK0_USE_EVEN_COUNTER_VALUE   ; OFF               ; Untyped                   ;
; LOCK_WINDOW_UI                ;  0.05             ; Untyped                   ;
; LOCK_WINDOW_UI_BITS           ; UNUSED            ; Untyped                   ;
; VCO_RANGE_DETECTOR_LOW_BITS   ; UNUSED            ; Untyped                   ;
; VCO_RANGE_DETECTOR_HIGH_BITS  ; UNUSED            ; Untyped                   ;
; DPA_MULTIPLY_BY               ; 0                 ; Untyped                   ;
; DPA_DIVIDE_BY                 ; 1                 ; Untyped                   ;
; DPA_DIVIDER                   ; 0                 ; Untyped                   ;
; EXTCLK3_MULTIPLY_BY           ; 1                 ; Untyped                   ;
; EXTCLK2_MULTIPLY_BY           ; 1                 ; Untyped                   ;
; EXTCLK1_MULTIPLY_BY           ; 1                 ; Untyped                   ;
; EXTCLK0_MULTIPLY_BY           ; 1                 ; Untyped                   ;
; EXTCLK3_DIVIDE_BY             ; 1                 ; Untyped                   ;
; EXTCLK2_DIVIDE_BY             ; 1                 ; Untyped                   ;
; EXTCLK1_DIVIDE_BY             ; 1                 ; Untyped                   ;
; EXTCLK0_DIVIDE_BY             ; 1                 ; Untyped                   ;
; EXTCLK3_PHASE_SHIFT           ; 0                 ; Untyped                   ;
; EXTCLK2_PHASE_SHIFT           ; 0                 ; Untyped                   ;
; EXTCLK1_PHASE_SHIFT           ; 0                 ; Untyped                   ;
; EXTCLK0_PHASE_SHIFT           ; 0                 ; Untyped                   ;
; EXTCLK3_TIME_DELAY            ; 0                 ; Untyped                   ;
; EXTCLK2_TIME_DELAY            ; 0                 ; Untyped                   ;
; EXTCLK1_TIME_DELAY            ; 0                 ; Untyped                   ;
; EXTCLK0_TIME_DELAY            ; 0                 ; Untyped                   ;
; EXTCLK3_DUTY_CYCLE            ; 50                ; Untyped                   ;
; EXTCLK2_DUTY_CYCLE            ; 50                ; Untyped                   ;
; EXTCLK1_DUTY_CYCLE            ; 50                ; Untyped                   ;
; EXTCLK0_DUTY_CYCLE            ; 50                ; Untyped                   ;
; VCO_MULTIPLY_BY               ; 0                 ; Untyped                   ;
; VCO_DIVIDE_BY                 ; 0                 ; Untyped                   ;
; SCLKOUT0_PHASE_SHIFT          ; 0                 ; Untyped                   ;
; SCLKOUT1_PHASE_SHIFT          ; 0                 ; Untyped                   ;
; VCO_MIN                       ; 0                 ; Untyped                   ;
; VCO_MAX                       ; 0                 ; Untyped                   ;
; VCO_CENTER                    ; 0                 ; Untyped                   ;
; PFD_MIN                       ; 0                 ; Untyped                   ;
; PFD_MAX                       ; 0                 ; Untyped                   ;
; M_INITIAL                     ; 0                 ; Untyped                   ;
; M                             ; 0                 ; Untyped                   ;
; N                             ; 1                 ; Untyped                   ;
; M2                            ; 1                 ; Untyped                   ;
; N2                            ; 1                 ; Untyped                   ;
; SS                            ; 1                 ; Untyped                   ;
; C0_HIGH                       ; 0                 ; Untyped                   ;
; C1_HIGH                       ; 0                 ; Untyped                   ;
; C2_HIGH                       ; 0                 ; Untyped                   ;
; C3_HIGH                       ; 0                 ; Untyped                   ;
; C4_HIGH                       ; 0                 ; Untyped                   ;
; C5_HIGH                       ; 0                 ; Untyped                   ;
; C6_HIGH                       ; 0                 ; Untyped                   ;
; C7_HIGH                       ; 0                 ; Untyped                   ;
; C8_HIGH                       ; 0                 ; Untyped                   ;
; C9_HIGH                       ; 0                 ; Untyped                   ;
; C0_LOW                        ; 0                 ; Untyped                   ;
; C1_LOW                        ; 0                 ; Untyped                   ;
; C2_LOW                        ; 0                 ; Untyped                   ;
; C3_LOW                        ; 0                 ; Untyped                   ;
; C4_LOW                        ; 0                 ; Untyped                   ;
; C5_LOW                        ; 0                 ; Untyped                   ;
; C6_LOW                        ; 0                 ; Untyped                   ;
; C7_LOW                        ; 0                 ; Untyped                   ;
; C8_LOW                        ; 0                 ; Untyped                   ;
; C9_LOW                        ; 0                 ; Untyped                   ;
; C0_INITIAL                    ; 0                 ; Untyped                   ;
; C1_INITIAL                    ; 0                 ; Untyped                   ;
; C2_INITIAL                    ; 0                 ; Untyped                   ;
; C3_INITIAL                    ; 0                 ; Untyped                   ;
; C4_INITIAL                    ; 0                 ; Untyped                   ;
; C5_INITIAL                    ; 0                 ; Untyped                   ;
; C6_INITIAL                    ; 0                 ; Untyped                   ;
; C7_INITIAL                    ; 0                 ; Untyped                   ;
; C8_INITIAL                    ; 0                 ; Untyped                   ;
; C9_INITIAL                    ; 0                 ; Untyped                   ;
; C0_MODE                       ; BYPASS            ; Untyped                   ;
; C1_MODE                       ; BYPASS            ; Untyped                   ;
; C2_MODE                       ; BYPASS            ; Untyped                   ;
; C3_MODE                       ; BYPASS            ; Untyped                   ;
; C4_MODE                       ; BYPASS            ; Untyped                   ;
; C5_MODE                       ; BYPASS            ; Untyped                   ;
; C6_MODE                       ; BYPASS            ; Untyped                   ;
; C7_MODE                       ; BYPASS            ; Untyped                   ;
; C8_MODE                       ; BYPASS            ; Untyped                   ;
; C9_MODE                       ; BYPASS            ; Untyped                   ;
; C0_PH                         ; 0                 ; Untyped                   ;
; C1_PH                         ; 0                 ; Untyped                   ;
; C2_PH                         ; 0                 ; Untyped                   ;
; C3_PH                         ; 0                 ; Untyped                   ;
; C4_PH                         ; 0                 ; Untyped                   ;
; C5_PH                         ; 0                 ; Untyped                   ;
; C6_PH                         ; 0                 ; Untyped                   ;
; C7_PH                         ; 0                 ; Untyped                   ;
; C8_PH                         ; 0                 ; Untyped                   ;
; C9_PH                         ; 0                 ; Untyped                   ;
; L0_HIGH                       ; 1                 ; Untyped                   ;
; L1_HIGH                       ; 1                 ; Untyped                   ;
; G0_HIGH                       ; 1                 ; Untyped                   ;
; G1_HIGH                       ; 1                 ; Untyped                   ;
; G2_HIGH                       ; 1                 ; Untyped                   ;
; G3_HIGH                       ; 1                 ; Untyped                   ;
; E0_HIGH                       ; 1                 ; Untyped                   ;
; E1_HIGH                       ; 1                 ; Untyped                   ;
; E2_HIGH                       ; 1                 ; Untyped                   ;
; E3_HIGH                       ; 1                 ; Untyped                   ;
; L0_LOW                        ; 1                 ; Untyped                   ;
; L1_LOW                        ; 1                 ; Untyped                   ;
; G0_LOW                        ; 1                 ; Untyped                   ;
; G1_LOW                        ; 1                 ; Untyped                   ;
; G2_LOW                        ; 1                 ; Untyped                   ;
; G3_LOW                        ; 1                 ; Untyped                   ;
; E0_LOW                        ; 1                 ; Untyped                   ;
; E1_LOW                        ; 1                 ; Untyped                   ;
; E2_LOW                        ; 1                 ; Untyped                   ;
; E3_LOW                        ; 1                 ; Untyped                   ;
; L0_INITIAL                    ; 1                 ; Untyped                   ;
; L1_INITIAL                    ; 1                 ; Untyped                   ;
; G0_INITIAL                    ; 1                 ; Untyped                   ;
; G1_INITIAL                    ; 1                 ; Untyped                   ;
; G2_INITIAL                    ; 1                 ; Untyped                   ;
; G3_INITIAL                    ; 1                 ; Untyped                   ;
; E0_INITIAL                    ; 1                 ; Untyped                   ;
; E1_INITIAL                    ; 1                 ; Untyped                   ;
; E2_INITIAL                    ; 1                 ; Untyped                   ;
; E3_INITIAL                    ; 1                 ; Untyped                   ;
; L0_MODE                       ; BYPASS            ; Untyped                   ;
; L1_MODE                       ; BYPASS            ; Untyped                   ;
; G0_MODE                       ; BYPASS            ; Untyped                   ;
; G1_MODE                       ; BYPASS            ; Untyped                   ;
; G2_MODE                       ; BYPASS            ; Untyped                   ;
; G3_MODE                       ; BYPASS            ; Untyped                   ;
; E0_MODE                       ; BYPASS            ; Untyped                   ;
; E1_MODE                       ; BYPASS            ; Untyped                   ;
; E2_MODE                       ; BYPASS            ; Untyped                   ;
; E3_MODE                       ; BYPASS            ; Untyped                   ;
; L0_PH                         ; 0                 ; Untyped                   ;
; L1_PH                         ; 0                 ; Untyped                   ;
; G0_PH                         ; 0                 ; Untyped                   ;
; G1_PH                         ; 0                 ; Untyped                   ;
; G2_PH                         ; 0                 ; Untyped                   ;
; G3_PH                         ; 0                 ; Untyped                   ;
; E0_PH                         ; 0                 ; Untyped                   ;
; E1_PH                         ; 0                 ; Untyped                   ;
; E2_PH                         ; 0                 ; Untyped                   ;
; E3_PH                         ; 0                 ; Untyped                   ;
; M_PH                          ; 0                 ; Untyped                   ;
; C1_USE_CASC_IN                ; OFF               ; Untyped                   ;
; C2_USE_CASC_IN                ; OFF               ; Untyped                   ;
; C3_USE_CASC_IN                ; OFF               ; Untyped                   ;
; C4_USE_CASC_IN                ; OFF               ; Untyped                   ;
; C5_USE_CASC_IN                ; OFF               ; Untyped                   ;
; C6_USE_CASC_IN                ; OFF               ; Untyped                   ;
; C7_USE_CASC_IN                ; OFF               ; Untyped                   ;
; C8_USE_CASC_IN                ; OFF               ; Untyped                   ;
; C9_USE_CASC_IN                ; OFF               ; Untyped                   ;
; CLK0_COUNTER                  ; G0                ; Untyped                   ;
; CLK1_COUNTER                  ; G0                ; Untyped                   ;
; CLK2_COUNTER                  ; G0                ; Untyped                   ;
; CLK3_COUNTER                  ; G0                ; Untyped                   ;
; CLK4_COUNTER                  ; G0                ; Untyped                   ;
; CLK5_COUNTER                  ; G0                ; Untyped                   ;
; CLK6_COUNTER                  ; E0                ; Untyped                   ;
; CLK7_COUNTER                  ; E1                ; Untyped                   ;
; CLK8_COUNTER                  ; E2                ; Untyped                   ;
; CLK9_COUNTER                  ; E3                ; Untyped                   ;
; L0_TIME_DELAY                 ; 0                 ; Untyped                   ;
; L1_TIME_DELAY                 ; 0                 ; Untyped                   ;
; G0_TIME_DELAY                 ; 0                 ; Untyped                   ;
; G1_TIME_DELAY                 ; 0                 ; Untyped                   ;
; G2_TIME_DELAY                 ; 0                 ; Untyped                   ;
; G3_TIME_DELAY                 ; 0                 ; Untyped                   ;
; E0_TIME_DELAY                 ; 0                 ; Untyped                   ;
; E1_TIME_DELAY                 ; 0                 ; Untyped                   ;
; E2_TIME_DELAY                 ; 0                 ; Untyped                   ;
; E3_TIME_DELAY                 ; 0                 ; Untyped                   ;
; M_TIME_DELAY                  ; 0                 ; Untyped                   ;
; N_TIME_DELAY                  ; 0                 ; Untyped                   ;
; EXTCLK3_COUNTER               ; E3                ; Untyped                   ;
; EXTCLK2_COUNTER               ; E2                ; Untyped                   ;
; EXTCLK1_COUNTER               ; E1                ; Untyped                   ;
; EXTCLK0_COUNTER               ; E0                ; Untyped                   ;
; ENABLE0_COUNTER               ; L0                ; Untyped                   ;
; ENABLE1_COUNTER               ; L0                ; Untyped                   ;
; CHARGE_PUMP_CURRENT           ; 2                 ; Untyped                   ;
; LOOP_FILTER_R                 ;  1.000000         ; Untyped                   ;
; LOOP_FILTER_C                 ; 5                 ; Untyped                   ;
; CHARGE_PUMP_CURRENT_BITS      ; 9999              ; Untyped                   ;
; LOOP_FILTER_R_BITS            ; 9999              ; Untyped                   ;
; LOOP_FILTER_C_BITS            ; 9999              ; Untyped                   ;
; VCO_POST_SCALE                ; 0                 ; Untyped                   ;
; CLK2_OUTPUT_FREQUENCY         ; 0                 ; Untyped                   ;
; CLK1_OUTPUT_FREQUENCY         ; 0                 ; Untyped                   ;
; CLK0_OUTPUT_FREQUENCY         ; 0                 ; Untyped                   ;
; INTENDED_DEVICE_FAMILY        ; Cyclone II        ; Untyped                   ;
; PORT_CLKENA0                  ; PORT_UNUSED       ; Untyped                   ;
; PORT_CLKENA1                  ; PORT_UNUSED       ; Untyped                   ;
; PORT_CLKENA2                  ; PORT_UNUSED       ; Untyped                   ;
; PORT_CLKENA3                  ; PORT_UNUSED       ; Untyped                   ;
; PORT_CLKENA4                  ; PORT_UNUSED       ; Untyped                   ;
; PORT_CLKENA5                  ; PORT_UNUSED       ; Untyped                   ;
; PORT_EXTCLKENA0               ; PORT_CONNECTIVITY ; Untyped                   ;
; PORT_EXTCLKENA1               ; PORT_CONNECTIVITY ; Untyped                   ;
; PORT_EXTCLKENA2               ; PORT_CONNECTIVITY ; Untyped                   ;
; PORT_EXTCLKENA3               ; PORT_CONNECTIVITY ; Untyped                   ;
; PORT_EXTCLK0                  ; PORT_UNUSED       ; Untyped                   ;
; PORT_EXTCLK1                  ; PORT_UNUSED       ; Untyped                   ;
; PORT_EXTCLK2                  ; PORT_UNUSED       ; Untyped                   ;
; PORT_EXTCLK3                  ; PORT_UNUSED       ; Untyped                   ;
; PORT_CLKBAD0                  ; PORT_UNUSED       ; Untyped                   ;
; PORT_CLKBAD1                  ; PORT_UNUSED       ; Untyped                   ;
; PORT_CLK0                     ; PORT_USED         ; Untyped                   ;
; PORT_CLK1                     ; PORT_UNUSED       ; Untyped                   ;
; PORT_CLK2                     ; PORT_UNUSED       ; Untyped                   ;
; PORT_CLK3                     ; PORT_UNUSED       ; Untyped                   ;
; PORT_CLK4                     ; PORT_UNUSED       ; Untyped                   ;
; PORT_CLK5                     ; PORT_UNUSED       ; Untyped                   ;
; PORT_CLK6                     ; PORT_UNUSED       ; Untyped                   ;
; PORT_CLK7                     ; PORT_UNUSED       ; Untyped                   ;
; PORT_CLK8                     ; PORT_UNUSED       ; Untyped                   ;
; PORT_CLK9                     ; PORT_UNUSED       ; Untyped                   ;
; PORT_SCANDATA                 ; PORT_UNUSED       ; Untyped                   ;
; PORT_SCANDATAOUT              ; PORT_UNUSED       ; Untyped                   ;
; PORT_SCANDONE                 ; PORT_UNUSED       ; Untyped                   ;
; PORT_SCLKOUT1                 ; PORT_CONNECTIVITY ; Untyped                   ;
; PORT_SCLKOUT0                 ; PORT_CONNECTIVITY ; Untyped                   ;
; PORT_ACTIVECLOCK              ; PORT_UNUSED       ; Untyped                   ;
; PORT_CLKLOSS                  ; PORT_UNUSED       ; Untyped                   ;
; PORT_INCLK1                   ; PORT_UNUSED       ; Untyped                   ;
; PORT_INCLK0                   ; PORT_USED         ; Untyped                   ;
; PORT_FBIN                     ; PORT_UNUSED       ; Untyped                   ;
; PORT_PLLENA                   ; PORT_UNUSED       ; Untyped                   ;
; PORT_CLKSWITCH                ; PORT_UNUSED       ; Untyped                   ;
; PORT_ARESET                   ; PORT_UNUSED       ; Untyped                   ;
; PORT_PFDENA                   ; PORT_UNUSED       ; Untyped                   ;
; PORT_SCANCLK                  ; PORT_UNUSED       ; Untyped                   ;
; PORT_SCANACLR                 ; PORT_UNUSED       ; Untyped                   ;
; PORT_SCANREAD                 ; PORT_UNUSED       ; Untyped                   ;
; PORT_SCANWRITE                ; PORT_UNUSED       ; Untyped                   ;
; PORT_ENABLE0                  ; PORT_CONNECTIVITY ; Untyped                   ;
; PORT_ENABLE1                  ; PORT_CONNECTIVITY ; Untyped                   ;
; PORT_LOCKED                   ; PORT_UNUSED       ; Untyped                   ;
; PORT_CONFIGUPDATE             ; PORT_UNUSED       ; Untyped                   ;
; PORT_FBOUT                    ; PORT_CONNECTIVITY ; Untyped                   ;
; PORT_PHASEDONE                ; PORT_UNUSED       ; Untyped                   ;
; PORT_PHASESTEP                ; PORT_UNUSED       ; Untyped                   ;
; PORT_PHASEUPDOWN              ; PORT_UNUSED       ; Untyped                   ;
; PORT_SCANCLKENA               ; PORT_UNUSED       ; Untyped                   ;
; PORT_PHASECOUNTERSELECT       ; PORT_UNUSED       ; Untyped                   ;
; PORT_VCOOVERRANGE             ; PORT_CONNECTIVITY ; Untyped                   ;
; PORT_VCOUNDERRANGE            ; PORT_CONNECTIVITY ; Untyped                   ;
; M_TEST_SOURCE                 ; 5                 ; Untyped                   ;
; C0_TEST_SOURCE                ; 5                 ; Untyped                   ;
; C1_TEST_SOURCE                ; 5                 ; Untyped                   ;
; C2_TEST_SOURCE                ; 5                 ; Untyped                   ;
; C3_TEST_SOURCE                ; 5                 ; Untyped                   ;
; C4_TEST_SOURCE                ; 5                 ; Untyped                   ;
; C5_TEST_SOURCE                ; 5                 ; Untyped                   ;
; C6_TEST_SOURCE                ; 5                 ; Untyped                   ;
; C7_TEST_SOURCE                ; 5                 ; Untyped                   ;
; C8_TEST_SOURCE                ; 5                 ; Untyped                   ;
; C9_TEST_SOURCE                ; 5                 ; Untyped                   ;
; CBXI_PARAMETER                ; NOTHING           ; Untyped                   ;
; VCO_FREQUENCY_CONTROL         ; AUTO              ; Untyped                   ;
; VCO_PHASE_SHIFT_STEP          ; 0                 ; Untyped                   ;
; WIDTH_CLOCK                   ; 6                 ; Untyped                   ;
; WIDTH_PHASECOUNTERSELECT      ; 4                 ; Untyped                   ;
; USING_FBMIMICBIDIR_PORT       ; OFF               ; Untyped                   ;
; DEVICE_FAMILY                 ; Cyclone II        ; Untyped                   ;
; SCAN_CHAIN_MIF_FILE           ; UNUSED            ; Untyped                   ;
; SIM_GATE_LOCK_DEVICE_BEHAVIOR ; OFF               ; Untyped                   ;
; AUTO_CARRY_CHAINS             ; ON                ; AUTO_CARRY                ;
; IGNORE_CARRY_BUFFERS          ; OFF               ; IGNORE_CARRY              ;
; AUTO_CASCADE_CHAINS           ; ON                ; AUTO_CASCADE              ;
; IGNORE_CASCADE_BUFFERS        ; OFF               ; IGNORE_CASCADE            ;
+-------------------------------+-------------------+---------------------------+
Note: In order to hide this table in the UI and the text report file, please set the "Show Parameter Settings in Synthesis Report" option in "Analysis and Synthesis Settings -> More Settings" to "Off".


+------------------------------------------------------------------+
; altpll Parameter Settings by Entity Instance                     ;
+-------------------------------+----------------------------------+
; Name                          ; Value                            ;
+-------------------------------+----------------------------------+
; Number of entity instances    ; 1                                ;
; Entity Instance               ; pll1:pll|altpll:altpll_component ;
;     -- OPERATION_MODE         ; NORMAL                           ;
;     -- PLL_TYPE               ; AUTO                             ;
;     -- PRIMARY_CLOCK          ; INCLK0                           ;
;     -- INCLK0_INPUT_FREQUENCY ; 20000                            ;
;     -- INCLK1_INPUT_FREQUENCY ; 0                                ;
;     -- VCO_MULTIPLY_BY        ; 0                                ;
;     -- VCO_DIVIDE_BY          ; 0                                ;
+-------------------------------+----------------------------------+


+-------------------------------+
; Analysis & Synthesis Messages ;
+-------------------------------+
Info: *******************************************************************
Info: Running Quartus II Analysis & Synthesis
    Info: Version 10.0 Build 262 08/18/2010 Service Pack 1 SJ Web Edition
    Info: Processing started: Mon Jan 24 13:30:13 2011
Info: Command: quartus_map --read_settings_files=on --write_settings_files=off sdram0_ctrl -c sdram0_ctrl
Info: Found 2 design units, including 1 entities, in source file sdram0_ctrl.vhd
    Info: Found design unit 1: sdram0_ctrl-VERHALTEN
    Info: Found entity 1: sdram0_ctrl
Info: Found 2 design units, including 1 entities, in source file pll1.vhd
    Info: Found design unit 1: pll1-SYN
    Info: Found entity 1: pll1
Info: Elaborating entity "sdram0_ctrl" for the top level hierarchy
Warning (10541): VHDL Signal Declaration warning at sdram0_ctrl.vhd(40): used implicit default value for signal "DATAOUT" because signal was never assigned a value or an explicit default value. Use of implicit default value may introduce unintended design optimizations.
Warning (10873): Using initial value X (don't care) for net "sig_one_auto_ref_complete" at sdram0_ctrl.vhd(138)
Info: Elaborating entity "pll1" for hierarchy "pll1:pll"
Info: Elaborating entity "altpll" for hierarchy "pll1:pll|altpll:altpll_component"
Info: Elaborated megafunction instantiation "pll1:pll|altpll:altpll_component"
Info: Instantiated megafunction "pll1:pll|altpll:altpll_component" with the following parameter:
    Info: Parameter "clk0_divide_by" = "1"
    Info: Parameter "clk0_duty_cycle" = "50"
    Info: Parameter "clk0_multiply_by" = "2"
    Info: Parameter "clk0_phase_shift" = "0"
    Info: Parameter "compensate_clock" = "CLK0"
    Info: Parameter "inclk0_input_frequency" = "20000"
    Info: Parameter "intended_device_family" = "Cyclone II"
    Info: Parameter "lpm_hint" = "CBX_MODULE_PREFIX=pll1"
    Info: Parameter "lpm_type" = "altpll"
    Info: Parameter "operation_mode" = "NORMAL"
    Info: Parameter "port_activeclock" = "PORT_UNUSED"
    Info: Parameter "port_areset" = "PORT_UNUSED"
    Info: Parameter "port_clkbad0" = "PORT_UNUSED"
    Info: Parameter "port_clkbad1" = "PORT_UNUSED"
    Info: Parameter "port_clkloss" = "PORT_UNUSED"
    Info: Parameter "port_clkswitch" = "PORT_UNUSED"
    Info: Parameter "port_configupdate" = "PORT_UNUSED"
    Info: Parameter "port_fbin" = "PORT_UNUSED"
    Info: Parameter "port_inclk0" = "PORT_USED"
    Info: Parameter "port_inclk1" = "PORT_UNUSED"
    Info: Parameter "port_locked" = "PORT_UNUSED"
    Info: Parameter "port_pfdena" = "PORT_UNUSED"
    Info: Parameter "port_phasecounterselect" = "PORT_UNUSED"
    Info: Parameter "port_phasedone" = "PORT_UNUSED"
    Info: Parameter "port_phasestep" = "PORT_UNUSED"
    Info: Parameter "port_phaseupdown" = "PORT_UNUSED"
    Info: Parameter "port_pllena" = "PORT_UNUSED"
    Info: Parameter "port_scanaclr" = "PORT_UNUSED"
    Info: Parameter "port_scanclk" = "PORT_UNUSED"
    Info: Parameter "port_scanclkena" = "PORT_UNUSED"
    Info: Parameter "port_scandata" = "PORT_UNUSED"
    Info: Parameter "port_scandataout" = "PORT_UNUSED"
    Info: Parameter "port_scandone" = "PORT_UNUSED"
    Info: Parameter "port_scanread" = "PORT_UNUSED"
    Info: Parameter "port_scanwrite" = "PORT_UNUSED"
    Info: Parameter "port_clk0" = "PORT_USED"
    Info: Parameter "port_clk1" = "PORT_UNUSED"
    Info: Parameter "port_clk2" = "PORT_UNUSED"
    Info: Parameter "port_clk3" = "PORT_UNUSED"
    Info: Parameter "port_clk4" = "PORT_UNUSED"
    Info: Parameter "port_clk5" = "PORT_UNUSED"
    Info: Parameter "port_clkena0" = "PORT_UNUSED"
    Info: Parameter "port_clkena1" = "PORT_UNUSED"
    Info: Parameter "port_clkena2" = "PORT_UNUSED"
    Info: Parameter "port_clkena3" = "PORT_UNUSED"
    Info: Parameter "port_clkena4" = "PORT_UNUSED"
    Info: Parameter "port_clkena5" = "PORT_UNUSED"
    Info: Parameter "port_extclk0" = "PORT_UNUSED"
    Info: Parameter "port_extclk1" = "PORT_UNUSED"
    Info: Parameter "port_extclk2" = "PORT_UNUSED"
    Info: Parameter "port_extclk3" = "PORT_UNUSED"
Warning: The following bidir pins have no drivers
    Warning: Bidir "DRAM_DQ[0]" has no driver
    Warning: Bidir "DRAM_DQ[1]" has no driver
    Warning: Bidir "DRAM_DQ[2]" has no driver
    Warning: Bidir "DRAM_DQ[3]" has no driver
    Warning: Bidir "DRAM_DQ[4]" has no driver
    Warning: Bidir "DRAM_DQ[5]" has no driver
    Warning: Bidir "DRAM_DQ[6]" has no driver
    Warning: Bidir "DRAM_DQ[7]" has no driver
    Warning: Bidir "DRAM_DQ[8]" has no driver
    Warning: Bidir "DRAM_DQ[9]" has no driver
    Warning: Bidir "DRAM_DQ[10]" has no driver
    Warning: Bidir "DRAM_DQ[11]" has no driver
    Warning: Bidir "DRAM_DQ[12]" has no driver
    Warning: Bidir "DRAM_DQ[13]" has no driver
    Warning: Bidir "DRAM_DQ[14]" has no driver
    Warning: Bidir "DRAM_DQ[15]" has no driver
    Warning: Bidir "DRAM_DQ[16]" has no driver
    Warning: Bidir "DRAM_DQ[17]" has no driver
    Warning: Bidir "DRAM_DQ[18]" has no driver
    Warning: Bidir "DRAM_DQ[19]" has no driver
    Warning: Bidir "DRAM_DQ[20]" has no driver
    Warning: Bidir "DRAM_DQ[21]" has no driver
    Warning: Bidir "DRAM_DQ[22]" has no driver
    Warning: Bidir "DRAM_DQ[23]" has no driver
    Warning: Bidir "DRAM_DQ[24]" has no driver
    Warning: Bidir "DRAM_DQ[25]" has no driver
    Warning: Bidir "DRAM_DQ[26]" has no driver
    Warning: Bidir "DRAM_DQ[27]" has no driver
    Warning: Bidir "DRAM_DQ[28]" has no driver
    Warning: Bidir "DRAM_DQ[29]" has no driver
    Warning: Bidir "DRAM_DQ[30]" has no driver
    Warning: Bidir "DRAM_DQ[31]" has no driver
Warning: Output pins are stuck at VCC or GND
    Warning (13410): Pin "DATAOUT[0]" is stuck at GND
    Warning (13410): Pin "DATAOUT[1]" is stuck at GND
    Warning (13410): Pin "DATAOUT[2]" is stuck at GND
    Warning (13410): Pin "DATAOUT[3]" is stuck at GND
    Warning (13410): Pin "DATAOUT[4]" is stuck at GND
    Warning (13410): Pin "DATAOUT[5]" is stuck at GND
    Warning (13410): Pin "DATAOUT[6]" is stuck at GND
    Warning (13410): Pin "DATAOUT[7]" is stuck at GND
    Warning (13410): Pin "DATAOUT[8]" is stuck at GND
    Warning (13410): Pin "DATAOUT[9]" is stuck at GND
    Warning (13410): Pin "DATAOUT[10]" is stuck at GND
    Warning (13410): Pin "DATAOUT[11]" is stuck at GND
    Warning (13410): Pin "DATAOUT[12]" is stuck at GND
    Warning (13410): Pin "DATAOUT[13]" is stuck at GND
    Warning (13410): Pin "DATAOUT[14]" is stuck at GND
    Warning (13410): Pin "DATAOUT[15]" is stuck at GND
    Warning (13410): Pin "DATAOUT[16]" is stuck at GND
    Warning (13410): Pin "DATAOUT[17]" is stuck at GND
    Warning (13410): Pin "DATAOUT[18]" is stuck at GND
    Warning (13410): Pin "DATAOUT[19]" is stuck at GND
    Warning (13410): Pin "DATAOUT[20]" is stuck at GND
    Warning (13410): Pin "DATAOUT[21]" is stuck at GND
    Warning (13410): Pin "DATAOUT[22]" is stuck at GND
    Warning (13410): Pin "DATAOUT[23]" is stuck at GND
    Warning (13410): Pin "DATAOUT[24]" is stuck at GND
    Warning (13410): Pin "DATAOUT[25]" is stuck at GND
    Warning (13410): Pin "DATAOUT[26]" is stuck at GND
    Warning (13410): Pin "DATAOUT[27]" is stuck at GND
    Warning (13410): Pin "DATAOUT[28]" is stuck at GND
    Warning (13410): Pin "DATAOUT[29]" is stuck at GND
    Warning (13410): Pin "DATAOUT[30]" is stuck at GND
    Warning (13410): Pin "DATAOUT[31]" is stuck at GND
    Warning (13410): Pin "oDRAM0_A[0]" is stuck at GND
    Warning (13410): Pin "oDRAM0_A[1]" is stuck at GND
    Warning (13410): Pin "oDRAM0_A[2]" is stuck at GND
    Warning (13410): Pin "oDRAM0_A[3]" is stuck at GND
    Warning (13410): Pin "oDRAM0_A[4]" is stuck at GND
    Warning (13410): Pin "oDRAM0_A[6]" is stuck at GND
    Warning (13410): Pin "oDRAM0_A[7]" is stuck at GND
    Warning (13410): Pin "oDRAM0_A[8]" is stuck at GND
    Warning (13410): Pin "oDRAM0_A[9]" is stuck at GND
    Warning (13410): Pin "oDRAM0_A[11]" is stuck at GND
    Warning (13410): Pin "oDRAM0_A[12]" is stuck at GND
    Warning (13410): Pin "oDRAM0_CS_N" is stuck at GND
Info: 1 registers lost all their fanouts during netlist optimizations. The first 1 are displayed below.
    Info: Register "sig_aktZustand.AUTO_REFRESH" lost all its fanouts during netlist optimizations.
Info: Generating hard_block partition "hard_block:auto_generated_inst"
    Info: Adding node "pll1:pll|altpll:altpll_component|pll"
Warning: Design contains 58 input pin(s) that do not drive logic
    Warning (15610): No output dependent on input pin "ADDR[0]"
    Warning (15610): No output dependent on input pin "ADDR[1]"
    Warning (15610): No output dependent on input pin "ADDR[2]"
    Warning (15610): No output dependent on input pin "ADDR[3]"
    Warning (15610): No output dependent on input pin "ADDR[4]"
    Warning (15610): No output dependent on input pin "ADDR[5]"
    Warning (15610): No output dependent on input pin "ADDR[6]"
    Warning (15610): No output dependent on input pin "ADDR[7]"
    Warning (15610): No output dependent on input pin "ADDR[8]"
    Warning (15610): No output dependent on input pin "ADDR[9]"
    Warning (15610): No output dependent on input pin "ADDR[10]"
    Warning (15610): No output dependent on input pin "ADDR[11]"
    Warning (15610): No output dependent on input pin "ADDR[12]"
    Warning (15610): No output dependent on input pin "ADDR[13]"
    Warning (15610): No output dependent on input pin "ADDR[14]"
    Warning (15610): No output dependent on input pin "ADDR[15]"
    Warning (15610): No output dependent on input pin "ADDR[16]"
    Warning (15610): No output dependent on input pin "ADDR[17]"
    Warning (15610): No output dependent on input pin "ADDR[18]"
    Warning (15610): No output dependent on input pin "ADDR[19]"
    Warning (15610): No output dependent on input pin "ADDR[20]"
    Warning (15610): No output dependent on input pin "ADDR[21]"
    Warning (15610): No output dependent on input pin "ADDR[22]"
    Warning (15610): No output dependent on input pin "ADDR[23]"
    Warning (15610): No output dependent on input pin "DATAIN[0]"
    Warning (15610): No output dependent on input pin "DATAIN[1]"
    Warning (15610): No output dependent on input pin "DATAIN[2]"
    Warning (15610): No output dependent on input pin "DATAIN[3]"
    Warning (15610): No output dependent on input pin "DATAIN[4]"
    Warning (15610): No output dependent on input pin "DATAIN[5]"
    Warning (15610): No output dependent on input pin "DATAIN[6]"
    Warning (15610): No output dependent on input pin "DATAIN[7]"
    Warning (15610): No output dependent on input pin "DATAIN[8]"
    Warning (15610): No output dependent on input pin "DATAIN[9]"
    Warning (15610): No output dependent on input pin "DATAIN[10]"
    Warning (15610): No output dependent on input pin "DATAIN[11]"
    Warning (15610): No output dependent on input pin "DATAIN[12]"
    Warning (15610): No output dependent on input pin "DATAIN[13]"
    Warning (15610): No output dependent on input pin "DATAIN[14]"
    Warning (15610): No output dependent on input pin "DATAIN[15]"
    Warning (15610): No output dependent on input pin "DATAIN[16]"
    Warning (15610): No output dependent on input pin "DATAIN[17]"
    Warning (15610): No output dependent on input pin "DATAIN[18]"
    Warning (15610): No output dependent on input pin "DATAIN[19]"
    Warning (15610): No output dependent on input pin "DATAIN[20]"
    Warning (15610): No output dependent on input pin "DATAIN[21]"
    Warning (15610): No output dependent on input pin "DATAIN[22]"
    Warning (15610): No output dependent on input pin "DATAIN[23]"
    Warning (15610): No output dependent on input pin "DATAIN[24]"
    Warning (15610): No output dependent on input pin "DATAIN[25]"
    Warning (15610): No output dependent on input pin "DATAIN[26]"
    Warning (15610): No output dependent on input pin "DATAIN[27]"
    Warning (15610): No output dependent on input pin "DATAIN[28]"
    Warning (15610): No output dependent on input pin "DATAIN[29]"
    Warning (15610): No output dependent on input pin "DATAIN[30]"
    Warning (15610): No output dependent on input pin "DATAIN[31]"
    Warning (15610): No output dependent on input pin "DM[0]"
    Warning (15610): No output dependent on input pin "DM[1]"
Info: Implemented 258 device resources after synthesis - the final resource count might be different
    Info: Implemented 62 input pins
    Info: Implemented 56 output pins
    Info: Implemented 32 bidirectional pins
    Info: Implemented 107 logic cells
    Info: Implemented 1 PLLs
Info: Quartus II Analysis & Synthesis was successful. 0 errors, 139 warnings
    Info: Peak virtual memory: 274 megabytes
    Info: Processing ended: Mon Jan 24 13:30:23 2011
    Info: Elapsed time: 00:00:10
    Info: Total CPU time (on all processors): 00:00:05


